# JRE version: OpenJDK Runtime Environment (Zulu 8.78.0.19-CA-linux64) (8.0_412-b08) (build 1.8.0_412-b08)
# Java VM: OpenJDK 64-Bit Server VM (25.412-b08 mixed mode linux-amd64 compressed oops)
Heap:
 PSYoungGen      total 2415616K, used 41597K [0x0000000715580000, 0x00000007bcf80000, 0x00000007c0000000)
  eden space 2094080K, 1% used [0x0000000715580000,0x0000000717e1f4e0,0x0000000795280000)
  from space 321536K, 0% used [0x0000000795280000,0x0000000795280000,0x00000007a8c80000)
  to   space 323072K, 0% used [0x00000007a9400000,0x00000007a9400000,0x00000007bcf80000)
 ParOldGen       total 1504768K, used 953909K [0x00000005c0000000, 0x000000061bd80000, 0x0000000715580000)
  object space 1504768K, 63% used [0x00000005c0000000,0x00000005fa38d6d8,0x000000061bd80000)
 Metaspace       used 8790K, capacity 8864K, committed 8960K, reserved 1056768K
  class space    used 681K, capacity 720K, committed 768K, reserved 1048576K
GC Heap History (10 events):
Event: 142.401 GC heap before
{Heap before GC invocations=36 (full 3):
 PSYoungGen      total 2370048K, used 2134307K [0x0000000715580000, 0x00000007b9180000, 0x00000007c0000000)
  eden space 2064384K, 100% used [0x0000000715580000,0x0000000793580000,0x0000000793580000)
  from space 305664K, 22% used [0x00000007a6700000,0x00000007aab48c00,0x00000007b9180000)
  to   space 309248K, 0% used [0x0000000793580000,0x0000000793580000,0x00000007a6380000)
 ParOldGen       total 1047040K, used 921348K [0x00000005c0000000, 0x00000005ffe80000, 0x0000000715580000)
  object space 1047040K, 87% used [0x00000005c0000000,0x00000005f83c1060,0x00000005ffe80000)
 Metaspace       used 8003K, capacity 8276K, committed 8448K, reserved 1056768K
  class space    used 605K, capacity 656K, committed 768K, reserved 1048576K
Event: 142.500 GC heap after
Heap after GC invocations=36 (full 3):
 PSYoungGen      total 2373632K, used 23764K [0x0000000715580000, 0x00000007bc080000, 0x00000007c0000000)
  eden space 2064384K, 0% used [0x0000000715580000,0x0000000715580000,0x0000000793580000)
  from space 309248K, 7% used [0x0000000793580000,0x0000000794cb51b8,0x00000007a6380000)
  to   space 315392K, 0% used [0x00000007a8c80000,0x00000007a8c80000,0x00000007bc080000)
 ParOldGen       total 1047040K, used 965940K [0x00000005c0000000, 0x00000005ffe80000, 0x0000000715580000)
  object space 1047040K, 92% used [0x00000005c0000000,0x00000005faf4d0e0,0x00000005ffe80000)
 Metaspace       used 8003K, capacity 8276K, committed 8448K, reserved 1056768K
  class space    used 605K, capacity 656K, committed 768K, reserved 1048576K
}
Event: 142.500 GC heap before
{Heap before GC invocations=37 (full 4):
 PSYoungGen      total 2373632K, used 23764K [0x0000000715580000, 0x00000007bc080000, 0x00000007c0000000)
  eden space 2064384K, 0% used [0x0000000715580000,0x0000000715580000,0x0000000793580000)
  from space 309248K, 7% used [0x0000000793580000,0x0000000794cb51b8,0x00000007a6380000)
  to   space 315392K, 0% used [0x00000007a8c80000,0x00000007a8c80000,0x00000007bc080000)
 ParOldGen       total 1047040K, used 965940K [0x00000005c0000000, 0x00000005ffe80000, 0x0000000715580000)
  object space 1047040K, 92% used [0x00000005c0000000,0x00000005faf4d0e0,0x00000005ffe80000)
 Metaspace       used 8003K, capacity 8276K, committed 8448K, reserved 1056768K
  class space    used 605K, capacity 656K, committed 768K, reserved 1048576K
Event: 144.910 GC heap after
Heap after GC invocations=37 (full 4):
 PSYoungGen      total 2373632K, used 0K [0x0000000715580000, 0x00000007bc080000, 0x00000007c0000000)
  eden space 2064384K, 0% used [0x0000000715580000,0x0000000715580000,0x0000000793580000)
  from space 309248K, 0% used [0x0000000793580000,0x0000000793580000,0x00000007a6380000)
  to   space 315392K, 0% used [0x00000007a8c80000,0x00000007a8c80000,0x00000007bc080000)
 ParOldGen       total 1504768K, used 950787K [0x00000005c0000000, 0x000000061bd80000, 0x0000000715580000)
  object space 1504768K, 63% used [0x00000005c0000000,0x00000005fa080ed8,0x000000061bd80000)
 Metaspace       used 8003K, capacity 8276K, committed 8448K, reserved 1056768K
  class space    used 605K, capacity 656K, committed 768K, reserved 1048576K
}
Event: 152.856 GC heap before
{Heap before GC invocations=38 (full 4):
 PSYoungGen      total 2373632K, used 2064384K [0x0000000715580000, 0x00000007bc080000, 0x00000007c0000000)
  eden space 2064384K, 100% used [0x0000000715580000,0x0000000793580000,0x0000000793580000)
  from space 309248K, 0% used [0x0000000793580000,0x0000000793580000,0x00000007a6380000)
  to   space 315392K, 0% used [0x00000007a8c80000,0x00000007a8c80000,0x00000007bc080000)
 ParOldGen       total 1504768K, used 950787K [0x00000005c0000000, 0x000000061bd80000, 0x0000000715580000)
  object space 1504768K, 63% used [0x00000005c0000000,0x00000005fa080ed8,0x000000061bd80000)
 Metaspace       used 8070K, capacity 8340K, committed 8704K, reserved 1056768K
  class space    used 605K, capacity 656K, committed 768K, reserved 1048576K
Event: 152.864 GC heap after
Heap after GC invocations=38 (full 4):
 PSYoungGen      total 2409472K, used 2368K [0x0000000715580000, 0x00000007bcc80000, 0x00000007c0000000)
  eden space 2094080K, 0% used [0x0000000715580000,0x0000000715580000,0x0000000795280000)
  from space 315392K, 0% used [0x00000007a8c80000,0x00000007a8ed0070,0x00000007bc080000)
  to   space 321536K, 0% used [0x0000000795280000,0x0000000795280000,0x00000007a8c80000)
 ParOldGen       total 1504768K, used 950787K [0x00000005c0000000, 0x000000061bd80000, 0x0000000715580000)
  object space 1504768K, 63% used [0x00000005c0000000,0x00000005fa080ed8,0x000000061bd80000)
 Metaspace       used 8070K, capacity 8340K, committed 8704K, reserved 1056768K
  class space    used 605K, capacity 656K, committed 768K, reserved 1048576K
}
Event: 162.748 GC heap before
{Heap before GC invocations=39 (full 4):
 PSYoungGen      total 2409472K, used 2011889K [0x0000000715580000, 0x00000007bcc80000, 0x00000007c0000000)
  eden space 2094080K, 95% used [0x0000000715580000,0x000000078ffec760,0x0000000795280000)
  from space 315392K, 0% used [0x00000007a8c80000,0x00000007a8ed0070,0x00000007bc080000)
  to   space 321536K, 0% used [0x0000000795280000,0x0000000795280000,0x00000007a8c80000)
 ParOldGen       total 1504768K, used 950787K [0x00000005c0000000, 0x000000061bd80000, 0x0000000715580000)
  object space 1504768K, 63% used [0x00000005c0000000,0x00000005fa080ed8,0x000000061bd80000)
 Metaspace       used 8788K, capacity 8864K, committed 8960K, reserved 1056768K
  class space    used 681K, capacity 720K, committed 768K, reserved 1048576K
Event: 162.759 GC heap after
Heap after GC invocations=39 (full 4):
 PSYoungGen      total 2415616K, used 4036K [0x0000000715580000, 0x00000007bcf80000, 0x00000007c0000000)
  eden space 2094080K, 0% used [0x0000000715580000,0x0000000715580000,0x0000000795280000)
  from space 321536K, 1% used [0x0000000795280000,0x0000000795671168,0x00000007a8c80000)
  to   space 323072K, 0% used [0x00000007a9400000,0x00000007a9400000,0x00000007bcf80000)
 ParOldGen       total 1504768K, used 950795K [0x00000005c0000000, 0x000000061bd80000, 0x0000000715580000)
  object space 1504768K, 63% used [0x00000005c0000000,0x00000005fa082ed8,0x000000061bd80000)
 Metaspace       used 8788K, capacity 8864K, committed 8960K, reserved 1056768K
  class space    used 681K, capacity 720K, committed 768K, reserved 1048576K
}
Event: 162.759 GC heap before
{Heap before GC invocations=40 (full 5):
 PSYoungGen      total 2415616K, used 4036K [0x0000000715580000, 0x00000007bcf80000, 0x00000007c0000000)
  eden space 2094080K, 0% used [0x0000000715580000,0x0000000715580000,0x0000000795280000)
  from space 321536K, 1% used [0x0000000795280000,0x0000000795671168,0x00000007a8c80000)
  to   space 323072K, 0% used [0x00000007a9400000,0x00000007a9400000,0x00000007bcf80000)
 ParOldGen       total 1504768K, used 950795K [0x00000005c0000000, 0x000000061bd80000, 0x0000000715580000)
  object space 1504768K, 63% used [0x00000005c0000000,0x00000005fa082ed8,0x000000061bd80000)
 Metaspace       used 8788K, capacity 8864K, committed 8960K, reserved 1056768K
  class space    used 681K, capacity 720K, committed 768K, reserved 1048576K
Event: 170.630 GC heap after
Heap after GC invocations=40 (full 5):
 PSYoungGen      total 2415616K, used 0K [0x0000000715580000, 0x00000007bcf80000, 0x00000007c0000000)
  eden space 2094080K, 0% used [0x0000000715580000,0x0000000715580000,0x0000000795280000)
  from space 321536K, 0% used [0x0000000795280000,0x0000000795280000,0x00000007a8c80000)
  to   space 323072K, 0% used [0x00000007a9400000,0x00000007a9400000,0x00000007bcf80000)
 ParOldGen       total 1504768K, used 953909K [0x00000005c0000000, 0x000000061bd80000, 0x0000000715580000)
  object space 1504768K, 63% used [0x00000005c0000000,0x00000005fa38d6d8,0x000000061bd80000)
 Metaspace       used 8788K, capacity 8864K, committed 8960K, reserved 1056768K
  class space    used 681K, capacity 720K, committed 768K, reserved 1048576K
}

